<?xml version="1.0" encoding="UTF-8" ?>
<testsuite tests="4" failures="0" name="com.sg.thevendingmachine.dao.VendingMachineDaoTest" time="0.043" errors="0" skipped="0">
  <properties>
[...]
</properties>
  <testcase classname="com.sg.thevendingmachine.dao.VendingMachineDaoTest" name="com.sg.thevendingmachine.dao.VendingMachineDaoTest.testRemoveInventory" time="0.039"/>
  <testcase classname="com.sg.thevendingmachine.dao.VendingMachineDaoTest" name="com.sg.thevendingmachine.dao.VendingMachineDaoTest.testGetAllInventory" time="0.001"/>
  <testcase classname="com.sg.thevendingmachine.dao.VendingMachineDaoTest" name="com.sg.thevendingmachine.dao.VendingMachineDaoTest.testGetInventory" time="0"/>
  <testcase classname="com.sg.thevendingmachine.dao.VendingMachineDaoTest" name="com.sg.thevendingmachine.dao.VendingMachineDaoTest.testAddInventory" time="0.003"/>
</testsuite>